[    0.000000] Linux version 4.15.0-143-generic (buildd@lcy01-amd64-001) (gcc version 7.5.0 (Ubuntu 7.5.0-3ubuntu1~18.04)) #147-Ubuntu SMP Wed Apr 14 16:10:11 UTC 2021 (Ubuntu 4.15.0-143.147-generic 4.15.18)
[    0.000000] Command line: BOOT_IMAGE=/boot/vmlinuz-4.15.0-143-generic root=UUID=79cb557c-b1e0-422e-888a-b0d7c9623e87 ro console=tty1 console=ttyS0
[    0.000000] KERNEL supported cpus:
[    0.000000]   Intel GenuineIntel
[    0.000000]   AMD AuthenticAMD
[    0.000000]   Centaur CentaurHauls
[    0.000000] x86/fpu: Supporting XSAVE feature 0x001: 'x87 floating point registers'
[    0.000000] x86/fpu: Supporting XSAVE feature 0x002: 'SSE registers'
[    0.000000] x86/fpu: Enabled xstate features 0x3, context size is 576 bytes, using 'standard' format.
[    0.000000] e820: BIOS-provided physical RAM map:
[    0.000000] BIOS-e820: [mem 0x0000000000000000-0x000000000009fbff] usable
[    0.000000] BIOS-e820: [mem 0x000000000009fc00-0x000000000009ffff] reserved
[    0.000000] BIOS-e820: [mem 0x00000000000f0000-0x00000000000fffff] reserved
[    0.000000] BIOS-e820: [mem 0x0000000000100000-0x00000000dffeffff] usable
[    0.000000] BIOS-e820: [mem 0x00000000dfff0000-0x00000000dfffffff] ACPI data
[    0.000000] BIOS-e820: [mem 0x00000000fec00000-0x00000000fec00fff] reserved
[    0.000000] BIOS-e820: [mem 0x00000000fee00000-0x00000000fee00fff] reserved
[    0.000000] BIOS-e820: [mem 0x00000000fffc0000-0x00000000ffffffff] reserved
[    0.000000] BIOS-e820: [mem 0x0000000100000000-0x000000011fffffff] usable
[    0.000000] NX (Execute Disable) protection: active
[    0.000000] SMBIOS 2.5 present.
[    0.000000] DMI: innotek GmbH VirtualBox/VirtualBox, BIOS VirtualBox 12/01/2006
[    0.000000] Hypervisor detected: KVM
[    0.000000] e820: last_pfn = 0x120000 max_arch_pfn = 0x400000000
[    0.000000] MTRR: Disabled
[    0.000000] x86/PAT: MTRRs disabled, skipping PAT initialization too.
[    0.000000] CPU MTRRs all blank - virtualized system.
[    0.000000] x86/PAT: Configuration [0-7]: WB  WT  UC- UC  WB  WT  UC- UC  
[    0.000000] e820: last_pfn = 0xdfff0 max_arch_pfn = 0x400000000
[    0.000000] found SMP MP-table at [mem 0x0009fff0-0x0009ffff]
[    0.000000] Scanning 1 areas for low memory corruption
[    0.000000] RAMDISK: [mem 0x35821000-0x36c07fff]
[    0.000000] ACPI: Early table checksum verification disabled
[    0.000000] ACPI: RSDP 0x00000000000E0000 000024 (v02 VBOX  )
[    0.000000] ACPI: XSDT 0x00000000DFFF0030 00003C (v01 VBOX   VBOXXSDT 00000001 ASL  00000061)
[    0.000000] ACPI: FACP 0x00000000DFFF00F0 0000F4 (v04 VBOX   VBOXFACP 00000001 ASL  00000061)
[    0.000000] ACPI: DSDT 0x00000000DFFF0470 002325 (v02 VBOX   VBOXBIOS 00000002 INTL 20190509)
[    0.000000] ACPI: FACS 0x00000000DFFF0200 000040
[    0.000000] ACPI: FACS 0x00000000DFFF0200 000040
[    0.000000] ACPI: APIC 0x00000000DFFF0240 00005C (v02 VBOX   VBOXAPIC 00000001 ASL  00000061)
[    0.000000] ACPI: SSDT 0x00000000DFFF02A0 0001CC (v01 VBOX   VBOXCPUT 00000002 INTL 20190509)
[    0.000000] No NUMA configuration found
[    0.000000] Faking a node at [mem 0x0000000000000000-0x000000011fffffff]
[    0.000000] NODE_DATA(0) allocated [mem 0x11ffd1000-0x11fffbfff]
[    0.000000] kvm-clock: cpu 0, msr 1:1ff50001, primary cpu clock
[    0.000000] kvm-clock: Using msrs 4b564d01 and 4b564d00
[    0.000000] kvm-clock: using sched offset of 5937697787 cycles
[    0.000000] clocksource: kvm-clock: mask: 0xffffffffffffffff max_cycles: 0x1cd42e4dffb, max_idle_ns: 881590591483 ns
[    0.000000] Zone ranges:
[    0.000000]   DMA      [mem 0x0000000000001000-0x0000000000ffffff]
[    0.000000]   DMA32    [mem 0x0000000001000000-0x00000000ffffffff]
[    0.000000]   Normal   [mem 0x0000000100000000-0x000000011fffffff]
[    0.000000]   Device   empty
[    0.000000] Movable zone start for each node
[    0.000000] Early memory node ranges
[    0.000000]   node   0: [mem 0x0000000000001000-0x000000000009efff]
[    0.000000]   node   0: [mem 0x0000000000100000-0x00000000dffeffff]
[    0.000000]   node   0: [mem 0x0000000100000000-0x000000011fffffff]
[    0.000000] Reserved but unavailable: 98 pages
[    0.000000] Initmem setup node 0 [mem 0x0000000000001000-0x000000011fffffff]
[    0.000000] ACPI: PM-Timer IO Port: 0x4008
[    0.000000] IOAPIC[0]: apic_id 2, version 32, address 0xfec00000, GSI 0-23
[    0.000000] ACPI: INT_SRC_OVR (bus 0 bus_irq 0 global_irq 2 dfl dfl)
[    0.000000] ACPI: INT_SRC_OVR (bus 0 bus_irq 9 global_irq 9 low level)
[    0.000000] Using ACPI (MADT) for SMP configuration information
[    0.000000] smpboot: Allowing 2 CPUs, 0 hotplug CPUs
[    0.000000] PM: Registered nosave memory: [mem 0x00000000-0x00000fff]
[    0.000000] PM: Registered nosave memory: [mem 0x0009f000-0x0009ffff]
[    0.000000] PM: Registered nosave memory: [mem 0x000a0000-0x000effff]
[    0.000000] PM: Registered nosave memory: [mem 0x000f0000-0x000fffff]
[    0.000000] PM: Registered nosave memory: [mem 0xdfff0000-0xdfffffff]
[    0.000000] PM: Registered nosave memory: [mem 0xe0000000-0xfebfffff]
[    0.000000] PM: Registered nosave memory: [mem 0xfec00000-0xfec00fff]
[    0.000000] PM: Registered nosave memory: [mem 0xfec01000-0xfedfffff]
[    0.000000] PM: Registered nosave memory: [mem 0xfee00000-0xfee00fff]
[    0.000000] PM: Registered nosave memory: [mem 0xfee01000-0xfffbffff]
[    0.000000] PM: Registered nosave memory: [mem 0xfffc0000-0xffffffff]
[    0.000000] e820: [mem 0xe0000000-0xfebfffff] available for PCI devices
[    0.000000] Booting paravirtualized kernel on KVM
[    0.000000] clocksource: refined-jiffies: mask: 0xffffffff max_cycles: 0xffffffff, max_idle_ns: 7645519600211568 ns
[    0.000000] random: get_random_bytes called from start_kernel+0x99/0x500 with crng_init=0
[    0.000000] setup_percpu: NR_CPUS:8192 nr_cpumask_bits:2 nr_cpu_ids:2 nr_node_ids:1
[    0.000000] percpu: Embedded 45 pages/cpu s147456 r8192 d28672 u1048576
[    0.000000] PV qspinlock hash table entries: 256 (order: 0, 4096 bytes)
[    0.000000] Built 1 zonelists, mobility grouping on.  Total pages: 1032057
[    0.000000] Policy zone: Normal
[    0.000000] Kernel command line: BOOT_IMAGE=/boot/vmlinuz-4.15.0-143-generic root=UUID=79cb557c-b1e0-422e-888a-b0d7c9623e87 ro console=tty1 console=ttyS0
[    0.000000] Memory: 4012468K/4193848K available (12300K kernel code, 2483K rwdata, 4316K rodata, 2444K init, 2724K bss, 181380K reserved, 0K cma-reserved)
[    0.000000] SLUB: HWalign=64, Order=0-3, MinObjects=0, CPUs=2, Nodes=1
[    0.000000] ftrace: allocating 39437 entries in 155 pages
[    0.004000] Hierarchical RCU implementation.
[    0.004000] 	RCU restricting CPUs from NR_CPUS=8192 to nr_cpu_ids=2.
[    0.004000] 	Tasks RCU enabled.
[    0.004000] RCU: Adjusting geometry for rcu_fanout_leaf=16, nr_cpu_ids=2
[    0.004000] NR_IRQS: 524544, nr_irqs: 440, preallocated irqs: 16
[    0.004000] Console: colour VGA+ 80x25
[    0.004000] console [tty1] enabled
[    0.004000] console [ttyS0] enabled
[    0.004000] ACPI: Core revision 20170831
[    0.004000] ACPI: 2 ACPI AML tables successfully acquired and loaded
[    0.004000] APIC: Switch to symmetric I/O mode setup
[    0.004000] x2apic enabled
[    0.004000] Switched APIC routing to physical x2apic.
[    0.006660] ..TIMER: vector=0x30 apic1=0 pin1=2 apic2=-1 pin2=-1
[    0.008005] tsc: Detected 1094.399 MHz processor
[    0.012035] Calibrating delay loop (skipped) preset value.. 2188.79 BogoMIPS (lpj=4377596)
[    0.016023] pid_max: default: 32768 minimum: 301
[    0.020100] Security Framework initialized
[    0.024024] Yama: becoming mindful.
[    0.028109] AppArmor: AppArmor initialized
[    0.036939] Dentry cache hash table entries: 524288 (order: 10, 4194304 bytes)
[    0.042531] Inode-cache hash table entries: 262144 (order: 9, 2097152 bytes)
[    0.044107] Mount-cache hash table entries: 8192 (order: 4, 65536 bytes)
[    0.047184] Mountpoint-cache hash table entries: 8192 (order: 4, 65536 bytes)
[    0.049301] Last level iTLB entries: 4KB 48, 2MB 0, 4MB 0
[    0.052020] Last level dTLB entries: 4KB 0, 2MB 0, 4MB 0, 1GB 0
[    0.054080] Spectre V1 : Mitigation: usercopy/swapgs barriers and __user pointer sanitization
[    0.056023] Spectre V2 : Mitigation: Full generic retpoline
[    0.060018] Spectre V2 : Spectre v2 / SpectreRSB mitigation: Filling RSB on context switch
[    0.064313] Freeing SMP alternatives memory: 36K
[    0.172569] smpboot: CPU0: Intel(R) Celeron(R) CPU N3350 @ 1.10GHz (family: 0x6, model: 0x5c, stepping: 0x9)
[    0.176060] Performance Events: unsupported p6 CPU model 92 no PMU driver, software events only.
[    0.179227] Hierarchical SRCU implementation.
[    0.181081] NMI watchdog: Perf event create on CPU 0 failed with -2
[    0.184015] NMI watchdog: Perf NMI watchdog permanently disabled
[    0.186242] smp: Bringing up secondary CPUs ...
[    0.190205] x86: Booting SMP configuration:
[    0.192013] .... node  #0, CPUs:      #1
[    0.004000] kvm-clock: cpu 1, msr 1:1ff50041, secondary cpu clock
[    0.204177] smp: Brought up 1 node, 2 CPUs
[    0.208057] smpboot: Max logical packages: 1
[    0.212012] smpboot: Total of 2 processors activated (4377.59 BogoMIPS)
[    0.220272] devtmpfs: initialized
[    0.222363] x86/mm: Memory block size: 128MB
[    0.225064] evm: security.selinux
[    0.228011] evm: security.SMACK64
[    0.229281] evm: security.SMACK64EXEC
[    0.230583] evm: security.SMACK64TRANSMUTE
[    0.232004] evm: security.SMACK64MMAP
[    0.234849] evm: security.apparmor
[    0.236007] evm: security.ima
[    0.237335] evm: security.capability
[    0.244860] clocksource: jiffies: mask: 0xffffffff max_cycles: 0xffffffff, max_idle_ns: 7645041785100000 ns
[    0.248045] futex hash table entries: 512 (order: 3, 32768 bytes)
[    0.252143] pinctrl core: initialized pinctrl subsystem
[    0.256388] RTC time:  9:59:37, date: 05/15/21
[    0.258559] NET: Registered protocol family 16
[    0.260276] audit: initializing netlink subsys (disabled)
[    0.264066] audit: type=2000 audit(1621072785.592:1): state=initialized audit_enabled=0 res=1
[    0.272019] cpuidle: using governor ladder
[    0.274622] cpuidle: using governor menu
[    0.276182] ACPI: bus type PCI registered
[    0.277859] acpiphp: ACPI Hot Plug PCI Controller Driver version: 0.5
[    0.280255] PCI: Using configuration type 1 for base access
[    0.294528] HugeTLB registered 2.00 MiB page size, pre-allocated 0 pages
[    0.300252] ACPI: Added _OSI(Module Device)
[    0.302952] ACPI: Added _OSI(Processor Device)
[    0.304033] ACPI: Added _OSI(3.0 _SCP Extensions)
[    0.308006] ACPI: Added _OSI(Processor Aggregator Device)
[    0.310097] ACPI: Added _OSI(Linux-Dell-Video)
[    0.312006] ACPI: Added _OSI(Linux-Lenovo-NV-HDMI-Audio)
[    0.313909] ACPI: Added _OSI(Linux-HPI-Hybrid-Graphics)
[    0.316691] ACPI: Executed 1 blocks of module-level executable AML code
[    0.322822] ACPI: Interpreter enabled
[    0.328036] ACPI: (supports S0 S5)
[    0.329322] ACPI: Using IOAPIC for interrupt routing
[    0.332563] PCI: Using host bridge windows from ACPI; if necessary, use "pci=nocrs" and report a bug
[    0.336331] ACPI: Enabled 2 GPEs in block 00 to 07
[    0.354789] ACPI: PCI Root Bridge [PCI0] (domain 0000 [bus 00-ff])
[    0.356031] acpi PNP0A03:00: _OSC: OS supports [ASPM ClockPM Segments MSI]
[    0.356706] acpi PNP0A03:00: _OSC: not requesting OS control; OS requires [ExtendedConfig ASPM ClockPM MSI]
[    0.364032] acpi PNP0A03:00: fail to add MMCONFIG information, can't access extended PCI configuration space under this bridge.
[    0.372843] PCI host bridge to bus 0000:00
[    0.374585] pci_bus 0000:00: root bus resource [io  0x0000-0x0cf7 window]
[    0.376010] pci_bus 0000:00: root bus resource [io  0x0d00-0xffff window]
[    0.378333] pci_bus 0000:00: root bus resource [mem 0x000a0000-0x000bffff window]
[    0.380007] pci_bus 0000:00: root bus resource [mem 0xe0000000-0xfdffffff window]
[    0.384009] pci_bus 0000:00: root bus resource [bus 00-ff]
[    0.393600] pci 0000:00:01.1: legacy IDE quirk: reg 0x10: [io  0x01f0-0x01f7]
[    0.396013] pci 0000:00:01.1: legacy IDE quirk: reg 0x14: [io  0x03f6]
[    0.398347] pci 0000:00:01.1: legacy IDE quirk: reg 0x18: [io  0x0170-0x0177]
[    0.400007] pci 0000:00:01.1: legacy IDE quirk: reg 0x1c: [io  0x0376]
[    0.485416] pci 0000:00:07.0: quirk: [io  0x4000-0x403f] claimed by PIIX4 ACPI
[    0.488051] pci 0000:00:07.0: quirk: [io  0x4100-0x410f] claimed by PIIX4 SMB
[    0.553209] ACPI: PCI Interrupt Link [LNKA] (IRQs 5 9 10 *11)
[    0.557004] ACPI: PCI Interrupt Link [LNKB] (IRQs 5 9 *10 11)
[    0.560311] ACPI: PCI Interrupt Link [LNKC] (IRQs 5 *9 10 11)
[    0.560311] ACPI: PCI Interrupt Link [LNKD] (IRQs 5 9 10 *11)
[    0.565145] SCSI subsystem initialized
[    0.568411] pci 0000:00:02.0: vgaarb: setting as boot VGA device
[    0.572000] pci 0000:00:02.0: vgaarb: VGA device added: decodes=io+mem,owns=io+mem,locks=none
[    0.576023] pci 0000:00:02.0: vgaarb: bridge control possible
[    0.580025] vgaarb: loaded
[    0.580135] ACPI: bus type USB registered
[    0.582732] usbcore: registered new interface driver usbfs
[    0.588027] usbcore: registered new interface driver hub
[    0.592032] usbcore: registered new device driver usb
[    0.596160] EDAC MC: Ver: 3.0.0
[    0.600546] PCI: Using ACPI for IRQ routing
[    0.604430] NetLabel: Initializing
[    0.606840] NetLabel:  domain hash size = 128
[    0.612010] NetLabel:  protocols = UNLABELED CIPSOv4 CALIPSO
[    0.616057] NetLabel:  unlabeled traffic allowed by default
[    0.620632] clocksource: Switched to clocksource kvm-clock
[    0.654778] VFS: Disk quotas dquot_6.6.0
[    0.657534] VFS: Dquot-cache hash table entries: 512 (order 0, 4096 bytes)
[    0.661911] AppArmor: AppArmor Filesystem Enabled
[    0.664996] pnp: PnP ACPI init
[    0.669993] pnp: PnP ACPI: found 3 devices
[    0.680442] clocksource: acpi_pm: mask: 0xffffff max_cycles: 0xffffff, max_idle_ns: 2085701024 ns
[    0.686197] NET: Registered protocol family 2
[    0.690534] TCP established hash table entries: 32768 (order: 6, 262144 bytes)
[    0.695316] TCP bind hash table entries: 32768 (order: 7, 524288 bytes)
[    0.699686] TCP: Hash tables configured (established 32768 bind 32768)
[    0.703964] UDP hash table entries: 2048 (order: 4, 65536 bytes)
[    0.707759] UDP-Lite hash table entries: 2048 (order: 4, 65536 bytes)
[    0.712067] NET: Registered protocol family 1
[    0.715799] pci 0000:00:00.0: Limiting direct PCI/PCI transfers
[    0.719560] pci 0000:00:01.0: Activating ISA DMA hang workarounds
[    0.723495] pci 0000:00:02.0: Video device with shadowed ROM at [mem 0x000c0000-0x000dffff]
[    0.728740] Unpacking initramfs...
[    1.355707] Freeing initrd memory: 20380K
[    1.358322] PCI-DMA: Using software bounce buffering for IO (SWIOTLB)
[    1.360888] software IO TLB: mapped [mem 0xdbff0000-0xdfff0000] (64MB)
[    1.363614] clocksource: tsc: mask: 0xffffffffffffffff max_cycles: 0xfc66e667aa, max_idle_ns: 440795255680 ns
[    1.367449] platform rtc_cmos: registered platform RTC device (no PNP device found)
[    1.370339] Scanning for low memory corruption every 60 seconds
[    1.375771] Initialise system trusted keyrings
[    1.381988] Key type blacklist registered
[    1.386063] workingset: timestamp_bits=36 max_order=20 bucket_order=0
[    1.392043] zbud: loaded
[    1.396246] squashfs: version 4.0 (2009/01/31) Phillip Lougher
[    1.401314] fuse init (API version 7.26)
[    1.410015] Key type asymmetric registered
[    1.413831] Asymmetric key parser 'x509' registered
[    1.417197] Block layer SCSI generic (bsg) driver version 0.4 loaded (major 246)
[    1.423578] io scheduler noop registered
[    1.428132] io scheduler deadline registered
[    1.431125] io scheduler cfq registered (default)
[    1.435090] ACPI: AC Adapter [AC] (on-line)
[    1.439570] input: Power Button as /devices/LNXSYSTM:00/LNXPWRBN:00/input/input0
[    1.446830] ACPI: Power Button [PWRF]
[    1.450705] input: Sleep Button as /devices/LNXSYSTM:00/LNXSLPBN:00/input/input1
[    1.455594] ACPI: Sleep Button [SLPF]
[    1.461880] ACPI: Battery Slot [BAT0] (battery present)
[    1.464774] Serial: 8250/16550 driver, 32 ports, IRQ sharing enabled
[    1.492600] 00:02: ttyS0 at I/O 0x3f8 (irq = 4, base_baud = 115200) is a 16550A
[    1.500326] Linux agpgart interface v0.103
[    1.509767] loop: module loaded
[    1.515289] scsi host0: ata_piix
[    1.520039] scsi host1: ata_piix
[    1.522707] ata1: PATA max UDMA/33 cmd 0x1f0 ctl 0x3f6 bmdma 0xd000 irq 14
[    1.527558] ata2: PATA max UDMA/33 cmd 0x170 ctl 0x376 bmdma 0xd008 irq 15
[    1.533850] libphy: Fixed MDIO Bus: probed
[    1.536961] tun: Universal TUN/TAP device driver, 1.6
[    1.541052] PPP generic driver version 2.4.2
[    1.544217] ehci_hcd: USB 2.0 'Enhanced' Host Controller (EHCI) Driver
[    1.548397] ehci-pci: EHCI PCI platform driver
[    1.551236] ehci-platform: EHCI generic platform driver
[    1.554740] ohci_hcd: USB 1.1 'Open' Host Controller (OHCI) Driver
[    1.558584] ohci-pci: OHCI PCI platform driver
[    1.562800] ohci-platform: OHCI generic platform driver
[    1.566186] uhci_hcd: USB Universal Host Controller Interface driver
[    1.570505] i8042: PNP: PS/2 Controller [PNP0303:PS2K,PNP0f03:PS2M] at 0x60,0x64 irq 1,12
[    1.576683] serio: i8042 KBD port at 0x60,0x64 irq 1
[    1.579902] serio: i8042 AUX port at 0x60,0x64 irq 12
[    1.585189] mousedev: PS/2 mouse device common for all mice
[    1.592759] rtc_cmos rtc_cmos: rtc core: registered rtc_cmos as rtc0
[    1.597130] rtc_cmos rtc_cmos: alarms up to one day, 114 bytes nvram
[    1.601228] i2c /dev entries driver
[    1.603697] device-mapper: uevent: version 1.0.3
[    1.607897] device-mapper: ioctl: 4.37.0-ioctl (2017-09-20) initialised: dm-devel@redhat.com
[    1.607954] input: AT Translated Set 2 keyboard as /devices/platform/i8042/serio0/input/input2
[    1.618712] ledtrig-cpu: registered to indicate activity on CPUs
[    1.629663] NET: Registered protocol family 10
[    1.654659] Segment Routing with IPv6
[    1.657763] NET: Registered protocol family 17
[    1.662779] Key type dns_resolver registered
[    1.665826] mce: Using 0 MCE banks
[    1.667972] RAS: Correctable Errors collector initialized.
[    1.670650] sched_clock: Marking stable (1670555697, 0)->(2343332917, -672777220)
[    1.683357] registered taskstats version 1
[    1.686340] Loading compiled-in X.509 certificates
[    1.734083] Loaded X.509 cert 'Build time autogenerated kernel key: de118354fe72448b469776565e76ac30c08e8db2'
[    1.744105] Loaded X.509 cert 'Canonical Ltd. Live Patch Signing: 14df34d1a87cf37625abec039ef2bf521249b969'
[    1.755127] Loaded X.509 cert 'Canonical Ltd. Kernel Module Signing: 88f752e560a1e0737e31163a466ad7b70a850c19'
[    1.762288] zswap: loaded using pool lzo/zbud
[    1.784017] Key type big_key registered
[    1.785750] Key type trusted registered
[    1.795460] Key type encrypted registered
[    1.797324] AppArmor: AppArmor sha1 policy hashing enabled
[    1.799486] ima: No TPM chip found, activating TPM-bypass! (rc=-19)
[    1.810018] ima: Allocated hash algorithm: sha1
[    1.813050] evm: HMAC attrs: 0x1
[    1.815956]   Magic number: 5:516:980
[    1.819509] memory memory27: hash matches
[    1.822525] rtc_cmos rtc_cmos: setting system clock to 2021-05-15 09:59:39 UTC (1621072779)
[    1.829887] BIOS EDD facility v0.16 2004-Jun-25, 0 devices found
[    1.836501] EDD information not available.
[    1.843394] Freeing unused kernel image memory: 2444K
[    1.864477] Write protecting the kernel read-only data: 20480k
[    1.873034] Freeing unused kernel image memory: 2008K
[    1.879256] Freeing unused kernel image memory: 1828K
[    1.899646] x86/mm: Checked W+X mappings: passed, no W+X pages found.
Loading, please wait...
starting version 237
[    2.115004] e1000: Intel(R) PRO/1000 Network Driver - version 7.3.21-k8-NAPI
[    2.118129] e1000: Copyright (c) 1999-2006 Intel Corporation.
[    2.127944] Fusion MPT base driver 3.04.20
[    2.131755] Copyright (c) 1999-2008 LSI Corporation
[    2.163159] Fusion MPT SPI Host driver 3.04.20
[    2.237186] SSE version of gcm_enc/dec engaged.
[    2.394071] input: ImExPS/2 Generic Explorer Mouse as /devices/platform/i8042/serio1/input/input4
[    2.796697] e1000 0000:00:03.0 eth0: (PCI:33MHz:32-bit) 02:f3:7b:02:da:50
[    2.799687] e1000 0000:00:03.0 eth0: Intel(R) PRO/1000 Network Connection
[    2.806570] mptbase: ioc0: Initiating bringup
[    2.901618] ioc0: LSI53C1030 A0: Capabilities={Initiator}
[    3.160326] scsi host2: ioc0: LSI53C1030 A0, FwRev=00000000h, Ports=1, MaxQ=256, IRQ=20
[    3.330162] scsi 2:0:0:0: Direct-Access     VBOX     HARDDISK         1.0  PQ: 0 ANSI: 5
[    3.368240] scsi target2:0:0: Beginning Domain Validation
[    3.377866] scsi target2:0:0: Domain Validation skipping write tests
[    3.383034] scsi target2:0:0: Ending Domain Validation
[    3.389722] scsi target2:0:0: asynchronous
[    3.393944] scsi 2:0:1:0: Direct-Access     VBOX     HARDDISK         1.0  PQ: 0 ANSI: 5
[    3.648158] scsi target2:0:1: Beginning Domain Validation
[    3.678338] random: fast init done
[    3.681298] scsi target2:0:1: Domain Validation skipping write tests
[    3.683508] scsi target2:0:1: Ending Domain Validation
[    3.686161] scsi target2:0:1: asynchronous
[    3.710088] sd 2:0:0:0: [sda] 83886080 512-byte logical blocks: (42.9 GB/40.0 GiB)
[    3.716182] sd 2:0:0:0: [sda] Write Protect is off
[    3.727087] sd 2:0:0:0: [sda] Incomplete mode parameter data
[    3.729369] sd 2:0:0:0: [sda] Assuming drive cache: write through
[    3.732656] random: systemd-udevd: uninitialized urandom read (16 bytes read)
[    3.734897] sd 2:0:0:0: Attached scsi generic sg0 type 0
[    3.749323] random: systemd-udevd: uninitialized urandom read (16 bytes read)
[    3.756103] random: systemd-udevd: uninitialized urandom read (16 bytes read)
[    3.760709] sd 2:0:1:0: [sdb] 20480 512-byte logical blocks: (10.5 MB/10.0 MiB)
[    3.770919] sd 2:0:1:0: [sdb] Write Protect is off
[    3.782595] sd 2:0:1:0: Attached scsi generic sg1 type 0
[    3.786212] sd 2:0:1:0: [sdb] Incomplete mode parameter data
[    3.790297] sd 2:0:1:0: [sdb] Assuming drive cache: write through
[    3.796800]  sda: sda1
[    3.800707] sd 2:0:0:0: [sda] Attached SCSI disk
[    3.842608] sd 2:0:1:0: [sdb] Attached SCSI disk
[    4.013428] e1000 0000:00:08.0 eth1: (PCI:33MHz:32-bit) 08:00:27:92:b4:c8
[    4.019871] e1000 0000:00:08.0 eth1: Intel(R) PRO/1000 Network Connection
[    4.028077] e1000 0000:00:03.0 enp0s3: renamed from eth0
[    4.059993] e1000 0000:00:08.0 enp0s8: renamed from eth1
Begin: Loading essential drivers ... [    6.248132] raid6: sse2x1   gen()  4827 MB/s
[    6.296126] raid6: sse2x1   xor()  2221 MB/s
[    6.344098] raid6: sse2x2   gen()  3871 MB/s
[    6.392084] raid6: sse2x2   xor()  2522 MB/s
[    6.440180] raid6: sse2x4   gen()  4472 MB/s
[    6.488229] raid6: sse2x4   xor()  1607 MB/s
[    6.490006] raid6: using algorithm sse2x1 gen() 4827 MB/s
[    6.492181] raid6: .... xor() 2221 MB/s, rmw enabled
[    6.494040] raid6: using ssse3x2 recovery algorithm
[    6.498112] xor: measuring software checksum speed
[    6.540235]    prefetch64-sse:  8829.000 MB/sec
[    6.580108]    generic_sse:  7641.000 MB/sec
[    6.581973] xor: using function: prefetch64-sse (8829.000 MB/sec)
[    6.599050] async_tx: api initialized (async)
done.
Begin: Running /scripts/init-premount ... done.
Begin: Mounting root file system ... Begin: Running /scripts/local-top ... done.
Begin: Running /scripts/local-premount ... [    6.731485] Btrfs loaded, crc32c=crc32c-intel
Scanning for Btrfs filesystems
done.
Begin: Will now check root file system ... fsck from util-linux 2.31.1
[/sbin/fsck.ext4 (1) -- /dev/sda1] fsck.ext4 -a -C0 /dev/sda1 
cloudimg-rootfs: recovering journal
cloudimg-rootfs: clean, 191006/5120000 files, 1497870/10485499 blocks
done.
[    7.368701] EXT4-fs (sda1): mounted filesystem with ordered data mode. Opts: (null)
done.
Begin: Running /scripts/local-bottom ... done.
Begin: Running /scripts/init-bottom ... done.
[    9.134470] random: crng init done
[    9.138253] random: 7 urandom warning(s) missed due to ratelimiting
[   10.147427] ip_tables: (C) 2000-2006 Netfilter Core Team
[   10.286483] systemd[1]: systemd 237 running in system mode. (+PAM +AUDIT +SELINUX +IMA +APPARMOR +SMACK +SYSVINIT +UTMP +LIBCRYPTSETUP +GCRYPT +GNUTLS +ACL +XZ +LZ4 +SECCOMP +BLKID +ELFUTILS +KMOD -IDN2 +IDN -PCRE2 default-hierarchy=hybrid)
[   10.294888] systemd[1]: Detected virtualization oracle.
[   10.297722] systemd[1]: Detected architecture x86-64.

Welcome to [1mUbuntu 18.04.5 LTS[0m!

[   10.359589] systemd[1]: Set hostname to <gitlab>.
[   12.992689] systemd[1]: Created slice System Slice.
[[0;32m  OK  [0m] Created slice System Slice.
[   13.002813] systemd[1]: Listening on LVM2 metadata daemon socket.
[[0;32m  OK  [0m] Listening on LVM2 metadata daemon socket.
[   13.012851] systemd[1]: Listening on Syslog Socket.
[[0;32m  OK  [0m] Listening on Syslog Socket.
[   13.016961] systemd[1]: Listening on fsck to fsckd communication Socket.
[[0;32m  OK  [0m] Listening on fsck to fsckd communication Socket.
[   13.026456] systemd[1]: Listening on Network Service Netlink Socket.
[[0;32m  OK  [0m] Listening on Network Service Netlink Socket.
[   13.033715] systemd[1]: Reached target System Time Synchronized.
[[0;32m  OK  [0m] Reached target System Time Synchronized.
[[0;32m  OK  [0m] Created slice User and Session Slice.
[[0;32m  OK  [0m] Reached target User and Group Name Lookups.
[[0;32m  OK  [0m] Listening on /dev/initctl Compatibility Named Pipe.
[[0;32m  OK  [0m] Listening on Journal Socket.
         Starting Create list of required st…ce nodes for the current kernel...
         Mounting Kernel Debug File System...
         Mounting POSIX Message Queue File System...
         Mounting Huge Pages File System...
[[0;32m  OK  [0m] Started Forward Password Requests to Wall Directory Watch.
[[0;32m  OK  [0m] Reached target Swap.
         Starting Load Kernel Modules...
         Starting Uncomplicated firewall...
[[0;32m  OK  [0m] Listening on Device-mapper event daemon FIFOs.
[[0;32m  OK  [0m] Listening on udev Kernel Socket.
[[0;32m  OK  [0m] Reached target Slices.
[[0;32m  OK  [0m] Created slice system-serial\x2dgetty.slice.
[[0;32m  OK  [0m] Listening on Journal Socket (/dev/log).
[[0;32m  OK  [0m] Listening on Journal Audit Socket.
         Starting Journal Service...
         Starting Set the console keyboard layout...
         Starting Remount Root and Kernel File Systems...
[[0;32m  OK  [0m] Set up automount Arbitrary Executab…rmats File System Automount Point.
         Starting Monitoring of LVM2 mirrors…ng dmeventd or progress polling...
[[0;32m  OK  [0m] Listening on LVM2 poll daemon socket.
[[0;32m  OK  [0m] Listening on udev Control Socket.
         Starting udev Coldplug all Devices...
[[0;32m  OK  [0m] Started Create list of required sta…vice nodes for the current kernel.
[[0;32m  OK  [0m] Mounted Kernel Debug File System.
[[0;32m  OK  [0m] Mounted POSIX Message Queue File System.
[[0;32m  OK  [0m] Mounted Huge Pages File System.
         Starting Create Static Device Nodes in /dev...
[[0;32m  OK  [0m] Started Journal Service.
[   13.365405] EXT4-fs (sda1): re-mounted. Opts: (null)
[[0;32m  OK  [0m] Started Remount Root and Kernel File Systems.
         Starting Load/Save Random Seed...
         Starting Flush Journal to Persistent Storage...
[[0;32m  OK  [0m] Started udev Coldplug all Devices.
[   13.565524] Loading iSCSI transport class v2.0-870.
[[0;32m  OK  [0m] Started Load/Save Random Seed.
[   13.731724] systemd-journald[425]: Received request to flush runtime journal from PID 1
[[0;32m  OK  [0m] Started Set the console keyboard layout.
[[0;32m  OK  [0m] Started Create Static Device Nodes in /dev.
         Starting udev Kernel Device Manager...
[[0;32m  OK  [0m] Started LVM2 metadata daemon.
[   14.262096] iscsi: registered transport (tcp)
[   14.484014] nf_conntrack version 0.5.0 (16384 buckets, 65536 max)
[[0;32m  OK  [[   14.618949] systemd-journald[425]: File /var/log/journal/77af207e6a33412293f96c554b022e21/system.journal corrupted or uncleanly shut down, renaming and replacing.
0m] Started Monitoring of LVM2 mirrors,…sing dmeventd or progress polling.
[[0;32m  OK  [0m] Reached target Local File Systems (Pre).
[[0;32m  OK  [0m] Reached target Local File Systems.
         Starting Tell Plymouth To Write Out Runtime Data...
         Starting AppArmor initialization...
         Starting Set console font and keymap...
         Starting ebtables ruleset management...
[[0;32m  OK  [0m] Started Tell Plymouth To Write Out Runtime Data.
[[0;32m  OK  [0m] Started Set console font and keymap.
[[0;32m  OK  [0m] Started udev Kernel Device Manager.
[[0;32m  OK  [0m] Started Dispatch Password Requests to Console Directory Watch.
[[0;32m  OK  [0m] Reached target Local Encrypted Volumes.
[   15.011141] ip6_tables: (C) 2000-2006 Netfilter Core Team
[   15.156147] iscsi: registered transport (iser)
[[0;32m  OK  [0m] Started Load Kernel Modules.
         Starting Apply Kernel Variables...
         Mounting FUSE Control File System...
         Mounting Kernel Configuration File System...
[[0;32m  OK  [0m] Mounted FUSE Control File System.
[[0;32m  OK  [0m] Mounted Kernel Configuration File System.
[[0;32m  OK  [0m] Started ebtables ruleset management.
[[0;32m  OK  [0m] Found device /dev/ttyS0.
[   16.416369] ACPI: Video Device [GFX0] (multi-head: yes  rom: no  post: no)
[   16.440698] input: Video Bus as /devices/LNXSYSTM:00/LNXSYBUS:00/PNP0A03:00/LNXVIDEO:00/input/input5
[[0;32m  OK  [0m] Started Apply Kernel Variables.
[[0;32m  OK  [0m] Listening on Load/Save RF Kill Switch Status /dev/rfkill Watch.
[[0;32m  OK  [0m] Started Flush Journal to Persistent Storage.
         Starting Create Volatile Files and Directories...
[[0;32m  OK  [0m] Started Create Volatile Files and Directories.
         Starting Update UTMP about System Boot/Shutdown...
[[0;32m  OK  [0m] Started AppArmor initialization.
         Starting Load AppArmor profiles managed internally by snapd...
         Starting Initial cloud-init job (pre-networking)...
[[0;32m  OK  [0m] Started Load AppArmor profiles managed internally by snapd.
[[0;32m  OK  [0m] Started Update UTMP about System Boot/Shutdown.
[[0;32m  OK  [0m] Started Uncomplicated firewall.
[   24.875639] cloud-init[637]: Cloud-init v. 21.1-19-gbad84ad4-0ubuntu1~18.04.1 running 'init-local' at Sat, 15 May 2021 10:00:01 +0000. Up 23.55 seconds.
[[0;32m  OK  [0m] Started Initial cloud-init job (pre-networking).
[[0;32m  OK  [0m] Reached target Network (Pre).
         Starting Network Service...
[[0;32m  OK  [0m] Started Network Service.
         Starting Network Name Resolution...
         Starting Wait for Network to be Configured...
[[0;32m  OK  [0m] Started Network Name Resolution.
[[0;32m  OK  [0m] Reached target Network.
[[0;32m  OK  [0m] Reached target Host and Network Name Lookups.
[[0;32m  OK  [0m] Started Wait for Network to be Configured.
         Starting Initial cloud-init job (metadata service crawler)...
[   30.419263] cloud-init[756]: Cloud-init v. 21.1-19-gbad84ad4-0ubuntu1~18.04.1 running 'init' at Sat, 15 May 2021 10:00:07 +0000. Up 29.53 seconds.
[   30.428624] cloud-init[756]: ci-info: ++++++++++++++++++++++++++++++++++++++Net device info+++++++++++++++++++++++++++++++++++++++
[   30.448344] cloud-init[756]: ci-info: +--------+------+-----------------------------+---------------+--------+-------------------+
[   30.467202] cloud-init[756]: ci-info: | Device |  Up  |           Address           |      Mask     | Scope  |     Hw-Address    |
[   30.474703] cloud-init[756]: ci-info: +--------+------+-----------------------------+---------------+--------+-------------------+
[   30.486567] cloud-init[756]: ci-info: | enp0s3 | True |          10.0.2.15          | 255.255.255.0 | global | 02:f3:7b:02:da:50 |
[   30.494986] cloud-init[756]: ci-info: | enp0s3 | True |  fe80::f3:7bff:fe02:da50/64 |       .       |  link  | 02:f3:7b:02:da:50 |
[   30.533168] cloud-init[756]: ci-info: | enp0s8 | True |        192.168.33.44        | 255.255.255.0 | global | 08:00:27:92:b4:c8 |
[   30.539715] cloud-init[756]: ci-info: | enp0s8 | True | fe80::a00:27ff:fe92:b4c8/64 |       .       |  link  | 08:00:27:92:b4:c8 |
[   30.542794] cloud-init[756]: ci-info: |   lo   | True |          127.0.0.1          |   255.0.0.0   |  host  |         .         |
[   30.547054] cloud-init[756]: ci-info: |   lo   | True |           ::1/128           |       .       |  host  |         .         |
[   30.560531] cloud-init[756]: ci-info: +--------+------+-----------------------------+---------------+--------+-------------------+
[   30.564887] cloud-init[756]: ci-info: +++++++++++++++++++++++++++++Route IPv4 info+++++++++++++++++++++++++++++
[   30.589601] cloud-init[756]: ci-info: +-------+--------------+----------+-----------------+-----------+-------+
[   30.595772] cloud-init[756]: ci-info: | Route | Destination  | Gateway  |     Genmask     | Interface | Flags |
[   30.603213] cloud-init[756]: ci-info: +-------+--------------+----------+-----------------+-----------+-------+
[   30.613005] cloud-init[756]: ci-info: |   0   |   0.0.0.0    | 10.0.2.2 |     0.0.0.0     |   enp0s3  |   UG  |
[   30.622916] cloud-init[756]: ci-info: |   1   |   10.0.2.0   | 0.0.0.0  |  255.255.255.0  |   enp0s3  |   U   |
[   30.627250] cloud-init[756]: ci-info: |   2   |   10.0.2.2   | 0.0.0.0  | 255.255.255.255 |   enp0s3  |   UH  |
[   30.630394] cloud-init[756]: ci-info: |   3   | 192.168.33.0 | 0.0.0.0  |  255.255.255.0  |   enp0s8  |   U   |
[   30.643272] cloud-init[756]: ci-info: +-------+--------------+----------+-----------------+-----------+-------+
[   30.652364] cloud-init[756]: ci-info: +++++++++++++++++++Route IPv6 info+++++++++++++++++++
[   30.655876] cloud-init[756]: ci-info: +-------+-------------+---------+-----------+-------+
[   30.662281] cloud-init[756]: ci-info: | Route | Destination | Gateway | Interface | Flags |
[   30.673332] cloud-init[756]: ci-info: +-------+-------------+---------+-----------+-------+
[   30.680746] cloud-init[756]: ci-info: |   1   |  fe80::/64  |    ::   |   enp0s8  |   U   |
[   30.697011] cloud-init[756]: ci-info: |   2   |  fe80::/64  |    ::   |   enp0s3  |   U   |
[   30.701927] cloud-init[756]: ci-info: |   4   |    local    |    ::   |   enp0s3  |   U   |
[   30.704860] cloud-init[756]: ci-info: |   5   |    local    |    ::   |   enp0s8  |   U   |
[   30.707842] cloud-init[756]: ci-info: |   6   |   ff00::/8  |    ::   |   enp0s8  |   U   |
[   30.711168] cloud-init[756]: ci-info: |   7   |   ff00::/8  |    ::   |   enp0s3  |   U   |
[   30.727227] cloud-init[756]: ci-info: +-------+-------------+---------+-----------+-------+
[[0;32m  OK  [0m] Started Initial cloud-init job (metadata service crawler).
[[0;32m  OK  [0m] Reached target System Initialization.
[[0;32m  OK  [0m] Listening on ACPID Listen Socket.
[[0;32m  OK  [0m] Started ACPI Events Check.
         Starting LXD - unix socket.
[[0;32m  OK  [0m] Reached target Paths.
[[0;32m  OK  [0m] Started Message of the Day.
[[0;32m  OK  [0m] Started Discard unused blocks once a week.
         Starting Socket activation for snappy daemon.
[[0;32m  OK  [0m] Listening on D-Bus System Message Bus Socket.
[[0;32m  OK  [0m] Started Daily apt download activities.
[[0;32m  OK  [0m] Listening on Open-iSCSI iscsid Socket.
[[0;32m  OK  [0m] Started Daily apt upgrade and clean activities.
[[0;32m  OK  [0m] Started Daily Cleanup of Temporary Directories.
[[0;32m  OK  [0m] Reached target Timers.
[[0;32m  OK  [0m] Listening on UUID daemon activation socket.
[[0;32m  OK  [0m] Reached target Cloud-config availability.
[[0;32m  OK  [0m] Reached target Network is Online.
         Starting Availability of block devices...
[[0;32m  OK  [0m] Reached target Remote File Systems (Pre).
         Mounting /vagrant...
[[0;32m  OK  [0m] Listening on LXD - unix socket.
[[0;32m  OK  [0m] Listening on Socket activation for snappy daemon.
[[0;32m  OK  [0m] Started Availability of block devices.
[[0;32m  OK  [0m] Reached target Sockets.
[[0;32m  OK  [0m] Reached target Basic System.
         Starting LSB: Record successful boot for GRUB...
[[0;32m  OK  [0m] Started Deferred execution scheduler.
         Starting Login Service...
         Starting LXD - container startup/shutdown...
[[0;32m  OK  [0m] Started GitLab Runner.
[[0;32m  OK  [0m] Started D-Bus System Message Bus.
[[0;32m  OK  [0m] Started Login Service.
         Starting Accounts Service...
         Starting A high performance web server and a reverse proxy server...
[[0;32m  OK  [0m] Started Unattended Upgrades Shutdown.
         Starting Virtualbox guest utils...
         Starting OpenBSD Secure Shell server...
[[0;32m  OK  [0m] Started Regular background program processing daemon.
[[0;32m  OK  [0m] Started FUSE filesystem for LXC.
[[0;32m  OK  [0m] Started irqbalance daemon.
         Starting Dispatcher daemon for systemd-networkd...
         Starting System Logging Service...
         Starting Snap Daemon...
[[0;32m  OK  [0m] Mounted /vagrant.
[[0;32m  OK  [0m] Reached target Remote File Systems.
         Starting Permit User Sessions...
         Starting LSB: automatic crash report generation...
[[0;32m  OK  [0m] Started Permit User Sessions.
         Starting Hold until boot process finishes up...
         Starting Terminate Plymouth Boot Screen...
[[0;32m  OK  [0m] Started Hold until boot process finishes up.
[[0;32m  OK  [0m] Started Serial Getty on ttyS0.
         Starting Set console scheme...
[[0;32m  OK  [0m] Started Terminate Plymouth Boot Screen.
[[0;32m  OK  [0m] Started Set console scheme.
[[0;32m  OK  [0m] Created slice system-getty.slice.
[[0;32m  OK  [0m] Started Getty on tty1.
[[0;32m  OK  [0m] Reached target Login Prompts.
         Starting Authorization Manager...
[[0;32m  OK  [0m] Started LSB: Record successful boot for GRUB.
[[0;32m  OK  [0m] Started LSB: automatic crash report generation.
[[0;32m  OK  [0m] Started System Logging Service.
[[0;32m  OK  [0m] Started OpenBSD Secure Shell server.
[[0;32m  OK  [0m] Started Authorization Manager.
[[0;32m  OK  [0m] Started Accounts Service.
[[0;32m  OK  [0m] Started Virtualbox guest utils.
[[0;32m  OK  [0m] Started LXD - container startup/shutdown.
[[0;32m  OK  [0m] Created slice User Slice of vagrant.
[[0;32m  OK  [0m] Started Dispatcher daemon for systemd-networkd.
         Starting User Manager for UID 1000...
[[0;32m  OK  [0m] Started Session 1 of user vagrant.
[[0;1;31mFAILED[0m] Failed to start A high performance …server and a reverse proxy server.
See 'systemctl status nginx.service' for details.

Ubuntu 18.04.5 LTS gitlab ttyS0

gitlab login: [   45.310656] cloud-init[1294]: Cloud-init v. 21.1-19-gbad84ad4-0ubuntu1~18.04.1 running 'modules:config' at Sat, 15 May 2021 10:00:21 +0000. Up 44.15 seconds.
[   48.673786] cloud-init[1472]: Cloud-init v. 21.1-19-gbad84ad4-0ubuntu1~18.04.1 running 'modules:final' at Sat, 15 May 2021 10:00:24 +0000. Up 47.32 seconds.
[   48.674151] cloud-init[1472]: Cloud-init v. 21.1-19-gbad84ad4-0ubuntu1~18.04.1 finished at Sat, 15 May 2021 10:00:26 +0000. Datasource DataSourceNoCloud [seed=/dev/sdb][dsmode=net].  Up 48.50 seconds
[[0;32m  OK  [0m] Stopped Unattended Upgrades Shutdown.
[[0;32m  OK  [0m] Stopped target Cloud-init target.
         Stopping GitLab Runit supervision process...
[[0;32m  OK  [0m] Stopped Execute cloud user/final scripts.
         Stopping Authorization Manager...
[[0;32m  OK  [0m] Stopped target Host and Network Name Lookups.
[[0;32m  OK  [0m] Stopped target Timers.
[[0;32m  OK  [0m] Stopped Daily Cleanup of Temporary Directories.
[[0;32m  OK  [0m] Stopped Daily apt upgrade and clean activities.
[[0;32m  OK  [0m] Stopped Daily apt download activities.
         Stopping User Manager for UID 1000...
[[0;32m  OK  [0m] Stopped target Graphical Interface.
         Stopping Accounts Service...
[[0;32m  OK  [0m] Closed Load/Save RF Kill Switch Status /dev/rfkill Watch.
         Stopping Session 23 of user vagrant.
[[0;32m  OK  [0m] Stopped Message of the Day.
[[0;32m  OK  [0m] Stopped Discard unused blocks once a week.
[[0;32m  OK  [0m] Stopped target System Time Synchronized.
         Stopping Availability of block devices...
[[0;32m  OK  [0m] Stopped Apply the settings specified in cloud-config.
[[0;32m  OK  [0m] Stopped target Cloud-config availability.
[[0;32m  OK  [0m] Stopped Authorization Manager.
[[0;32m  OK  [0m] Stopped Accounts Service.
[[0;32m  OK  [0m] Stopped Session 23 of user vagrant.
[[0;32m  OK  [0m] Stopped User Manager for UID 1000.
[[0;32m  OK  [0m] Removed slice User Slice of vagrant.
[[0;32m  OK  [0m] Unmounted /run/user/1000.
[[0;32m  OK  [0m] Stopped Availability of block devices.
[[0;32m  OK  [0m] Stopped GitLab Runit supervision process.
[[0;32m  OK  [0m] Stopped target Multi-User System.
         Stopping LSB: automatic crash report generation...
         Stopping Virtualbox guest utils...
         Stopping Deferred execution scheduler...
         Stopping LXD - container startup/shutdown...
         Stopping System Logging Service...
         Stopping FUSE filesystem for LXC...
         Stopping OpenBSD Secure Shell server...
         Stopping Dispatcher daemon for systemd-networkd...
         Stopping Regular background program processing daemon...
         Stopping Login Service...
         Stopping A high performance web server and a reverse proxy server...
[[0;32m  OK  [0m] Stopped target Login Prompts.
         Stopping Serial Getty on ttyS0...
         Stopping Getty on tty1...
         Stopping D-Bus System Message Bus...
         Stopping LSB: Record successful boot for GRUB...
[[0;32m  OK  [0m] Stopped Wait until snapd is fully seeded.
         Stopping GitLab Runner...
         Stopping irqbalance daemon...
[[0;32m  OK  [0m] Unmounted /var/lib/lxcfs.
[[0;32m  OK  [0m] Stopped Deferred execution scheduler.
[[0;32m  OK  [0m] Stopped GitLab Runner.
[[0;32m  OK  [0m] Stopped Regular background program processing daemon.
[[0;32m  OK  [0m] Stopped irqbalance daemon.
[[0;32m  OK  [0m] Stopped Dispatcher daemon for systemd-networkd.
[[0;32m  OK  [0m] Stopped System Logging Service.
[[0;32m  OK  [0m] Stopped Serial Getty on ttyS0.
[[0;32m  OK  [0m] Stopped Getty on tty1.
[[0;32m  OK  [0m] Stopped Login Service.
[[0;32m  OK  [0m] Stopped OpenBSD Secure Shell server.
[[0;32m  OK  [0m] Removed slice system-getty.slice.
[[0;32m  OK  [0m] Removed slice system-serial\x2dgetty.slice.
         Stopping Permit User Sessions...
[[0;32m  OK  [0m] Stopped D-Bus System Message Bus.
[[0;32m  OK  [0m] Stopped LXD - container startup/shutdown.
[[0;32m  OK  [0m] Stopped FUSE filesystem for LXC.
[[0;32m  OK  [0m] Stopped Permit User Sessions.
[[0;32m  OK  [0m] Stopped target User and Group Name Lookups.
[[0;32m  OK  [0m] Stopped A high performance web server and a reverse proxy server.
[[0;32m  OK  [0m] Stopped LSB: Record successful boot for GRUB.
[[0;32m  OK  [0m] Stopped LSB: automatic crash report generation.
[[0;32m  OK  [0m] Stopped target Remote File Systems.
         Unmounting /vagrant...
[[0;32m  OK  [0m] Unmounted /vagrant.
[[0;32m  OK  [0m] Reached target Unmount All Filesystems.
[[0;32m  OK  [0m] Stopped target Remote File Systems (Pre).
[[0;32m  OK  [0m] Stopped target Network is Online.
[[0;32m  OK  [0m] Stopped target Network.
         Stopping Network Name Resolution...
[[0;32m  OK  [0m] Stopped Network Name Resolution.
         Stopping Network Service...
[[0;32m  OK  [0m] Stopped Virtualbox guest utils.
[[0;32m  OK  [0m] Stopped target Basic System.
[[0;32m  OK  [0m] Stopped target Sockets.
[[0;32m  OK  [0m] Closed Syslog Socket.
[[0;32m  OK  [0m] Closed LXD - unix socket.
[[0;32m  OK  [0m] Closed D-Bus System Message Bus Socket.
[[0;32m  OK  [0m] Closed UUID daemon activation socket.
[[0;32m  OK  [0m] Closed Socket activation for snappy daemon.
[[0;32m  OK  [0m] Closed ACPID Listen Socket.
[[0;32m  OK  [0m] Closed Open-iSCSI iscsid Socket.
[[0;32m  OK  [0m] Stopped target Slices.
[[0;32m  OK  [0m] Removed slice User and Session Slice.
[[0;32m  OK  [0m] Stopped target Paths.
[[0;32m  OK  [0m] Stopped ACPI Events Check.
[[0;32m  OK  [0m] Stopped target System Initialization.
[[0;32m  OK  [0m] Stopped target Local Encrypted Volumes.
[[0;32m  OK  [0m] Stopped Dispatch Password Requests to Console Directory Watch.
[[0;32m  OK  [0m] Stopped Forward Password Requests to Wall Directory Watch.
         Stopping Update UTMP about System Boot/Shutdown...
[[0;32m  OK  [0m] Stopped target Swap.
[[0;32m  OK  [0m] Stopped Initial cloud-init job (metadata service crawler).
         Stopping Load/Save Random Seed...
[[0;32m  OK  [0m] Stopped Update UTMP about System Boot/Shutdown.
[[0;32m  OK  [0m] Stopped Create Volatile Files and Directories.
[[0;32m  OK  [0m] Stopped target Local File Systems.
[[0;32m  OK  [0m] Stopped target Local File Systems (Pre).
[[0;32m  OK  [0m] Stopped Create Static Device Nodes in /dev.
         Stopping Monitoring of LVM2 mirrors…ng dmeventd or progress polling...
[[0;32m  OK  [0m] Stopped Network Service.
[[0;32m  OK  [0m] Stopped Load/Save Random Seed.
[[0;32m  OK  [0m] Stopped target Network (Pre).
[[0;32m  OK  [0m] Stopped Initial cloud-init job (pre-networking).
[[0;32m  OK  [0m] Stopped Remount Root and Kernel File Systems.
[[0;32m  OK  [0m] Stopped Apply Kernel Variables.
[[0;32m  OK  [0m] Stopped Load Kernel Modules.
[[0;32m  OK  [0m] Reached target Shutdown.
[[0;32m  OK  [0m] Reached target Final Step.
         Starting Power-Off...
[ 4471.532309] reboot: Power down
